# JRE version: Java(TM) SE Runtime Environment (8.0_91-b14) (build 1.8.0_91-b14)
# Java VM: Java HotSpot(TM) Server VM (25.91-b14 mixed mode linux-x86 )
Heap:
 PSYoungGen      total 236800K, used 158001K [0x92200000, 0xa3540000, 0xa7000000)
  eden space 230656K, 68% used [0x92200000,0x9bb46088,0xa0340000)
  from space 6144K, 17% used [0xa0340000,0xa04466b0,0xa0940000)
  to   space 5888K, 0% used [0xa2f80000,0xa2f80000,0xa3540000)
 ParOldGen       total 144896K, used 95508K [0x68600000, 0x71380000, 0x92200000)
  object space 144896K, 65% used [0x68600000,0x6e3451b0,0x71380000)
 Metaspace       used 15719K, capacity 16479K, committed 16536K, reserved 16688K
GC Heap History (10 events):
Event: 24,446 GC heap before
{Heap before GC invocations=17 (full 2):
 PSYoungGen      total 151296K, used 147088K [0x92200000, 0x9bf40000, 0xa7000000)
  eden space 146688K, 100% used [0x92200000,0x9b140000,0x9b140000)
  from space 4608K, 8% used [0x9bac0000,0x9bb24000,0x9bf40000)
  to   space 7168K, 0% used [0x9b140000,0x9b140000,0x9b840000)
 ParOldGen       total 144896K, used 93193K [0x68600000, 0x71380000, 0x92200000)
  object space 144896K, 64% used [0x68600000,0x6e102428,0x71380000)
 Metaspace       used 15039K, capacity 15744K, committed 15768K, reserved 16688K
Event: 24,457 GC heap after
Heap after GC invocations=17 (full 2):
 PSYoungGen      total 153856K, used 974K [0x92200000, 0x9ef40000, 0xa7000000)
  eden space 146688K, 0% used [0x92200000,0x92200000,0x9b140000)
  from space 7168K, 13% used [0x9b140000,0x9b233998,0x9b840000)
  to   space 6912K, 0% used [0x9e880000,0x9e880000,0x9ef40000)
 ParOldGen       total 144896K, used 93581K [0x68600000, 0x71380000, 0x92200000)
  object space 144896K, 64% used [0x68600000,0x6e163428,0x71380000)
 Metaspace       used 15039K, capacity 15744K, committed 15768K, reserved 16688K
}
Event: 24,988 GC heap before
{Heap before GC invocations=18 (full 2):
 PSYoungGen      total 153856K, used 147662K [0x92200000, 0x9ef40000, 0xa7000000)
  eden space 146688K, 100% used [0x92200000,0x9b140000,0x9b140000)
  from space 7168K, 13% used [0x9b140000,0x9b233998,0x9b840000)
  to   space 6912K, 0% used [0x9e880000,0x9e880000,0x9ef40000)
 ParOldGen       total 144896K, used 93581K [0x68600000, 0x71380000, 0x92200000)
  object space 144896K, 64% used [0x68600000,0x6e163428,0x71380000)
 Metaspace       used 15055K, capacity 15776K, committed 15896K, reserved 16688K
Event: 24,998 GC heap after
Heap after GC invocations=18 (full 2):
 PSYoungGen      total 198656K, used 464K [0x92200000, 0x9ecc0000, 0xa7000000)
  eden space 194304K, 0% used [0x92200000,0x92200000,0x9dfc0000)
  from space 4352K, 10% used [0x9e880000,0x9e8f4010,0x9ecc0000)
  to   space 6656K, 0% used [0x9dfc0000,0x9dfc0000,0x9e640000)
 ParOldGen       total 144896K, used 94395K [0x68600000, 0x71380000, 0x92200000)
  object space 144896K, 65% used [0x68600000,0x6e22eda0,0x71380000)
 Metaspace       used 15055K, capacity 15776K, committed 15896K, reserved 16688K
}
Event: 25,961 GC heap before
{Heap before GC invocations=19 (full 2):
 PSYoungGen      total 198656K, used 194768K [0x92200000, 0x9ecc0000, 0xa7000000)
  eden space 194304K, 100% used [0x92200000,0x9dfc0000,0x9dfc0000)
  from space 4352K, 10% used [0x9e880000,0x9e8f4010,0x9ecc0000)
  to   space 6656K, 0% used [0x9dfc0000,0x9dfc0000,0x9e640000)
 ParOldGen       total 144896K, used 94395K [0x68600000, 0x71380000, 0x92200000)
  object space 144896K, 65% used [0x68600000,0x6e22eda0,0x71380000)
 Metaspace       used 15665K, capacity 16412K, committed 16536K, reserved 16688K
Event: 25,971 GC heap after
Heap after GC invocations=19 (full 2):
 PSYoungGen      total 200960K, used 777K [0x92200000, 0xa1240000, 0xa7000000)
  eden space 194304K, 0% used [0x92200000,0x92200000,0x9dfc0000)
  from space 6656K, 11% used [0x9dfc0000,0x9e082410,0x9e640000)
  to   space 6400K, 0% used [0xa0c00000,0xa0c00000,0xa1240000)
 ParOldGen       total 144896K, used 94763K [0x68600000, 0x71380000, 0x92200000)
  object space 144896K, 65% used [0x68600000,0x6e28ada0,0x71380000)
 Metaspace       used 15665K, capacity 16412K, committed 16536K, reserved 16688K
}
Event: 26,689 GC heap before
{Heap before GC invocations=20 (full 2):
 PSYoungGen      total 200960K, used 195081K [0x92200000, 0xa1240000, 0xa7000000)
  eden space 194304K, 100% used [0x92200000,0x9dfc0000,0x9dfc0000)
  from space 6656K, 11% used [0x9dfc0000,0x9e082410,0x9e640000)
  to   space 6400K, 0% used [0xa0c00000,0xa0c00000,0xa1240000)
 ParOldGen       total 144896K, used 94763K [0x68600000, 0x71380000, 0x92200000)
  object space 144896K, 65% used [0x68600000,0x6e28ada0,0x71380000)
 Metaspace       used 15671K, capacity 16444K, committed 16536K, reserved 16688K
Event: 26,697 GC heap after
Heap after GC invocations=20 (full 2):
 PSYoungGen      total 233984K, used 544K [0x92200000, 0xa0f40000, 0xa7000000)
  eden space 230656K, 0% used [0x92200000,0x92200000,0xa0340000)
  from space 3328K, 16% used [0xa0c00000,0xa0c88010,0xa0f40000)
  to   space 6144K, 0% used [0xa0340000,0xa0340000,0xa0940000)
 ParOldGen       total 144896K, used 95504K [0x68600000, 0x71380000, 0x92200000)
  object space 144896K, 65% used [0x68600000,0x6e3441b0,0x71380000)
 Metaspace       used 15671K, capacity 16444K, committed 16536K, reserved 16688K
}
Event: 27,574 GC heap before
{Heap before GC invocations=21 (full 2):
 PSYoungGen      total 233984K, used 231200K [0x92200000, 0xa0f40000, 0xa7000000)
  eden space 230656K, 100% used [0x92200000,0xa0340000,0xa0340000)
  from space 3328K, 16% used [0xa0c00000,0xa0c88010,0xa0f40000)
  to   space 6144K, 0% used [0xa0340000,0xa0340000,0xa0940000)
 ParOldGen       total 144896K, used 95504K [0x68600000, 0x71380000, 0x92200000)
  object space 144896K, 65% used [0x68600000,0x6e3441b0,0x71380000)
 Metaspace       used 15696K, capacity 16447K, committed 16536K, reserved 16688K
Event: 27,582 GC heap after
Heap after GC invocations=21 (full 2):
 PSYoungGen      total 236800K, used 1049K [0x92200000, 0xa3540000, 0xa7000000)
  eden space 230656K, 0% used [0x92200000,0x92200000,0xa0340000)
  from space 6144K, 17% used [0xa0340000,0xa04466b0,0xa0940000)
  to   space 5888K, 0% used [0xa2f80000,0xa2f80000,0xa3540000)
 ParOldGen       total 144896K, used 95508K [0x68600000, 0x71380000, 0x92200000)
  object space 144896K, 65% used [0x68600000,0x6e3451b0,0x71380000)
 Metaspace       used 15696K, capacity 16447K, committed 16536K, reserved 16688K
}

