# JRE version: Java(TM) SE Runtime Environment (8.0_91-b14) (build 1.8.0_91-b14)
# Java VM: Java HotSpot(TM) Server VM (25.91-b14 mixed mode linux-x86 )
Heap:
 PSYoungGen      total 328960K, used 281467K [0x92200000, 0xa7000000, 0xa7000000)
  eden space 321024K, 85% used [0x92200000,0xa2d52190,0xa5b80000)
  from space 7936K, 97% used [0xa5b80000,0xa630cd40,0xa6340000)
  to   space 11008K, 0% used [0xa6540000,0xa6540000,0xa7000000)
 ParOldGen       total 174336K, used 103452K [0x68600000, 0x73040000, 0x92200000)
  object space 174336K, 59% used [0x68600000,0x6eb071b8,0x73040000)
 Metaspace       used 22077K, capacity 22890K, committed 22912K, reserved 23856K
GC Heap History (10 events):
Event: 37,541 GC heap before
{Heap before GC invocations=28 (full 3):
 PSYoungGen      total 333312K, used 329923K [0x92200000, 0xa7000000, 0xa7000000)
  eden space 325120K, 100% used [0x92200000,0xa5f80000,0xa5f80000)
  from space 8192K, 58% used [0xa6800000,0xa6cb0d50,0xa7000000)
  to   space 8448K, 0% used [0xa5f80000,0xa5f80000,0xa67c0000)
 ParOldGen       total 174336K, used 103448K [0x68600000, 0x73040000, 0x92200000)
  object space 174336K, 59% used [0x68600000,0x6eb061b8,0x73040000)
 Metaspace       used 21628K, capacity 22406K, committed 22528K, reserved 22832K
Event: 37,561 GC heap after
Heap after GC invocations=28 (full 3):
 PSYoungGen      total 330752K, used 5411K [0x92200000, 0xa7000000, 0xa7000000)
  eden space 325120K, 0% used [0x92200000,0x92200000,0xa5f80000)
  from space 5632K, 96% used [0xa5f80000,0xa64c8d50,0xa6500000)
  to   space 8704K, 0% used [0xa6780000,0xa6780000,0xa7000000)
 ParOldGen       total 174336K, used 103448K [0x68600000, 0x73040000, 0x92200000)
  object space 174336K, 59% used [0x68600000,0x6eb061b8,0x73040000)
 Metaspace       used 21628K, capacity 22406K, committed 22528K, reserved 22832K
}
Event: 39,030 GC heap before
{Heap before GC invocations=29 (full 3):
 PSYoungGen      total 330752K, used 330531K [0x92200000, 0xa7000000, 0xa7000000)
  eden space 325120K, 100% used [0x92200000,0xa5f80000,0xa5f80000)
  from space 5632K, 96% used [0xa5f80000,0xa64c8d50,0xa6500000)
  to   space 8704K, 0% used [0xa6780000,0xa6780000,0xa7000000)
 ParOldGen       total 174336K, used 103448K [0x68600000, 0x73040000, 0x92200000)
  object space 174336K, 59% used [0x68600000,0x6eb061b8,0x73040000)
 Metaspace       used 21628K, capacity 22406K, committed 22528K, reserved 22832K
Event: 39,052 GC heap after
Heap after GC invocations=29 (full 3):
 PSYoungGen      total 332288K, used 6099K [0x92200000, 0xa7000000, 0xa7000000)
  eden space 323584K, 0% used [0x92200000,0x92200000,0xa5e00000)
  from space 8704K, 70% used [0xa6780000,0xa6d74d50,0xa7000000)
  to   space 9216K, 0% used [0xa5e00000,0xa5e00000,0xa6700000)
 ParOldGen       total 174336K, used 103448K [0x68600000, 0x73040000, 0x92200000)
  object space 174336K, 59% used [0x68600000,0x6eb061b8,0x73040000)
 Metaspace       used 21628K, capacity 22406K, committed 22528K, reserved 22832K
}
Event: 40,424 GC heap before
{Heap before GC invocations=30 (full 3):
 PSYoungGen      total 332288K, used 329683K [0x92200000, 0xa7000000, 0xa7000000)
  eden space 323584K, 100% used [0x92200000,0xa5e00000,0xa5e00000)
  from space 8704K, 70% used [0xa6780000,0xa6d74d50,0xa7000000)
  to   space 9216K, 0% used [0xa5e00000,0xa5e00000,0xa6700000)
 ParOldGen       total 174336K, used 103448K [0x68600000, 0x73040000, 0x92200000)
  object space 174336K, 59% used [0x68600000,0x6eb061b8,0x73040000)
 Metaspace       used 21632K, capacity 22406K, committed 22528K, reserved 22832K
Event: 40,447 GC heap after
Heap after GC invocations=30 (full 3):
 PSYoungGen      total 330496K, used 6691K [0x92200000, 0xa7000000, 0xa7000000)
  eden space 323584K, 0% used [0x92200000,0x92200000,0xa5e00000)
  from space 6912K, 96% used [0xa5e00000,0xa6488d50,0xa64c0000)
  to   space 9728K, 0% used [0xa6680000,0xa6680000,0xa7000000)
 ParOldGen       total 174336K, used 103448K [0x68600000, 0x73040000, 0x92200000)
  object space 174336K, 59% used [0x68600000,0x6eb061b8,0x73040000)
 Metaspace       used 21632K, capacity 22406K, committed 22528K, reserved 22832K
}
Event: 41,870 GC heap before
{Heap before GC invocations=31 (full 3):
 PSYoungGen      total 330496K, used 330275K [0x92200000, 0xa7000000, 0xa7000000)
  eden space 323584K, 100% used [0x92200000,0xa5e00000,0xa5e00000)
  from space 6912K, 96% used [0xa5e00000,0xa6488d50,0xa64c0000)
  to   space 9728K, 0% used [0xa6680000,0xa6680000,0xa7000000)
 ParOldGen       total 174336K, used 103448K [0x68600000, 0x73040000, 0x92200000)
  object space 174336K, 59% used [0x68600000,0x6eb061b8,0x73040000)
 Metaspace       used 21634K, capacity 22406K, committed 22528K, reserved 22832K
Event: 41,900 GC heap after
Heap after GC invocations=31 (full 3):
 PSYoungGen      total 330752K, used 7171K [0x92200000, 0xa7000000, 0xa7000000)
  eden space 321024K, 0% used [0x92200000,0x92200000,0xa5b80000)
  from space 9728K, 73% used [0xa6680000,0xa6d80d40,0xa7000000)
  to   space 10496K, 0% used [0xa5b80000,0xa5b80000,0xa65c0000)
 ParOldGen       total 174336K, used 103452K [0x68600000, 0x73040000, 0x92200000)
  object space 174336K, 59% used [0x68600000,0x6eb071b8,0x73040000)
 Metaspace       used 21634K, capacity 22406K, committed 22528K, reserved 22832K
}
Event: 43,267 GC heap before
{Heap before GC invocations=32 (full 3):
 PSYoungGen      total 330752K, used 328195K [0x92200000, 0xa7000000, 0xa7000000)
  eden space 321024K, 100% used [0x92200000,0xa5b80000,0xa5b80000)
  from space 9728K, 73% used [0xa6680000,0xa6d80d40,0xa7000000)
  to   space 10496K, 0% used [0xa5b80000,0xa5b80000,0xa65c0000)
 ParOldGen       total 174336K, used 103452K [0x68600000, 0x73040000, 0x92200000)
  object space 174336K, 59% used [0x68600000,0x6eb071b8,0x73040000)
 Metaspace       used 21635K, capacity 22406K, committed 22528K, reserved 22832K
Event: 43,291 GC heap after
Heap after GC invocations=32 (full 3):
 PSYoungGen      total 328960K, used 7731K [0x92200000, 0xa7000000, 0xa7000000)
  eden space 321024K, 0% used [0x92200000,0x92200000,0xa5b80000)
  from space 7936K, 97% used [0xa5b80000,0xa630cd40,0xa6340000)
  to   space 11008K, 0% used [0xa6540000,0xa6540000,0xa7000000)
 ParOldGen       total 174336K, used 103452K [0x68600000, 0x73040000, 0x92200000)
  object space 174336K, 59% used [0x68600000,0x6eb071b8,0x73040000)
 Metaspace       used 21635K, capacity 22406K, committed 22528K, reserved 22832K
}

